<?xml version="1.0" encoding="UTF-8"?>
<!-- Generated by org.testng.reporters.JUnitXMLReporter -->
<testsuite ignored="0" hostname="DESKTOP-T1LF6NB" failures="0" tests="2" name="Surefire test" time="0.06" errors="0" timestamp="2024-06-19T16:04:44 IST">
  <testcase classname="Tests.LoginTest" name="@BeforeTest launchURL" time="0.011">
    <failure type="java.lang.NullPointerException">
      <![CDATA[java.lang.NullPointerException
at java.base/java.util.concurrent.ConcurrentHashMap.putVal(ConcurrentHashMap.java:1011)
at java.base/java.util.concurrent.ConcurrentHashMap.put(ConcurrentHashMap.java:1006)
at java.base/java.util.Properties.put(Properties.java:1301)
at java.base/java.util.Properties.setProperty(Properties.java:229)
at java.base/java.lang.System.setProperty(System.java:1000)
at baseLibrary.BaseLibrary.launchUrl(BaseLibrary.java:14)
at Tests.LoginTest.launchURL(LoginTest.java:15)
... Removed 29 stack frames]]>
    </failure>
  </testcase> <!-- @BeforeTest launchURL -->
  <testcase classname="Tests.LoginTest" name="clickonCLose" time="0.0">
    <skipped/>
  </testcase> <!-- clickonCLose -->
  <testcase classname="Tests.LoginTest" name="clickonpractice" time="0.0">
    <skipped/>
  </testcase> <!-- clickonpractice -->
</testsuite> <!-- Surefire test -->
